<?xml version="1.0" encoding="UTF-8"?>
<!-- Generated by org.testng.reporters.JUnitReportReporter -->
<testsuite skipped="0" hostname="FDLMC2141.local" name="com.hellofresh.test.LoginTest" tests="1" failures="0" timestamp="2020-03-14T09:08:16 IST" time="13.567" errors="0">
  <testcase name="test" time="13.567" classname="com.hellofresh.test.LoginTest"/>
  <system-out/>
</testsuite> <!-- com.hellofresh.test.LoginTest -->
