<?xml version="1.0" encoding="UTF-8"?>
<!-- Generated by org.testng.reporters.JUnitReportReporter -->
<testsuite skipped="0" hostname="FDLMC2141.local" name="com.hellofresh.test.PurchaseTest" tests="1" failures="0" timestamp="2020-03-16T09:38:02 IST" time="29.470" errors="0">
  <testcase name="purchaseTshirt" time="29.470" classname="com.hellofresh.test.PurchaseTest"/>
</testsuite> <!-- com.hellofresh.test.PurchaseTest -->
