<?xml version="1.0" encoding="UTF-8"?>
<!-- Generated by org.testng.reporters.JUnitReportReporter -->
<testsuite skipped="0" hostname="FDLMC2141.local" name="com.hellofresh.test.SigninTest" tests="2" failures="0" timestamp="2020-03-15T17:39:17 IST" time="39.392" errors="0">
  <testcase name="validLogin" time="17.386" classname="com.hellofresh.test.SigninTest"/>
  <testcase name="newSignUp" time="22.006" classname="com.hellofresh.test.SigninTest"/>
</testsuite> <!-- com.hellofresh.test.SigninTest -->
